/home/vboxuser/Documents/140509_ai-oh-wip/140509_01/production/ml_engine_production.py:95: PydanticDeprecatedSince20: Pydantic V1 style `@validator` validators are deprecated. You should migrate to Pydantic V2 style `@field_validator` validators, see the migration guide for more details. Deprecated in Pydantic V2.0 to be removed in V3.0. See Pydantic V2 Migration Guide at https://errors.pydantic.dev/2.10/migration/
  @validator('days')
/home/vboxuser/Documents/140509_ai-oh-wip/140509_01/production/ml_engine_production.py:101: DeprecationWarning: 
        on_event is deprecated, use lifespan event handlers instead.

        Read more about it in the
        [FastAPI docs for Lifespan Events](https://fastapi.tiangolo.com/advanced/events/).
        
  @app.on_event("startup")
2025-08-29 06:49:06,093 - __main__ - INFO - 🚀 Starting Production ML Engine on port 8001...
INFO:     Started server process [182426]
INFO:     Waiting for application startup.
2025-08-29 06:49:06,123 - __main__ - INFO - 🚀 Production ML Engine Starting...
2025-08-29 06:49:06,124 - __main__ - INFO - ✅ Production ML Engine Ready
INFO:     Application startup complete.
INFO:     Uvicorn running on http://0.0.0.0:8001 (Press CTRL+C to quit)
INFO:     127.0.0.1:48942 - "GET /health HTTP/1.1" 200 OK
INFO:     127.0.0.1:48948 - "GET /health HTTP/1.1" 200 OK
INFO:     Shutting down
INFO:     Waiting for application shutdown.
INFO:     Application shutdown complete.
INFO:     Finished server process [182426]
